c:\users\scorpion\documents\visual studio 2013\projects\consoleapplication1\consoleapplication1\debug\consoleapplication1.pch
c:\users\scorpion\documents\visual studio 2013\projects\consoleapplication1\consoleapplication1\debug\vc120.pdb
c:\users\scorpion\documents\visual studio 2013\projects\consoleapplication1\consoleapplication1\debug\vc120.idb
c:\users\scorpion\documents\visual studio 2013\projects\consoleapplication1\consoleapplication1\debug\stdafx.obj
c:\users\scorpion\documents\visual studio 2013\projects\consoleapplication1\consoleapplication1\debug\consoleapplication1.obj
c:\users\scorpion\documents\visual studio 2013\projects\consoleapplication1\debug\consoleapplication1.ilk
c:\users\scorpion\documents\visual studio 2013\projects\consoleapplication1\debug\consoleapplication1.exe
c:\users\scorpion\documents\visual studio 2013\projects\consoleapplication1\debug\consoleapplication1.pdb
c:\users\scorpion\documents\visual studio 2013\projects\process-defender\consoleapplication1\debug\consoleapplication1.obj
c:\users\scorpion\documents\visual studio 2013\projects\process-defender\consoleapplication1\debug\stdafx.obj
c:\users\scorpion\documents\visual studio 2013\projects\process-defender\consoleapplication1\debug\consoleapplication1.pch
c:\users\scorpion\documents\visual studio 2013\projects\process-defender\consoleapplication1\debug\vc120.idb
c:\users\scorpion\documents\visual studio 2013\projects\process-defender\consoleapplication1\debug\vc120.pdb
c:\users\scorpion\documents\visual studio 2013\projects\process-defender\debug\consoleapplication1.pdb
c:\users\scorpion\documents\visual studio 2013\projects\process-defender\debug\consoleapplication1.exe
c:\users\scorpion\documents\visual studio 2013\projects\process-defender\debug\consoleapplication1.ilk
c:\users\scorpion\documents\visual studio 2013\projects\process-defender\consoleapplication1\debug\consolea.f8d67fec.tlog\cl.command.1.tlog
c:\users\scorpion\documents\visual studio 2013\projects\process-defender\consoleapplication1\debug\consolea.f8d67fec.tlog\cl.read.1.tlog
c:\users\scorpion\documents\visual studio 2013\projects\process-defender\consoleapplication1\debug\consolea.f8d67fec.tlog\cl.write.1.tlog
c:\users\scorpion\documents\visual studio 2013\projects\process-defender\consoleapplication1\debug\consolea.f8d67fec.tlog\link.command.1.tlog
c:\users\scorpion\documents\visual studio 2013\projects\process-defender\consoleapplication1\debug\consolea.f8d67fec.tlog\link.read.1.tlog
c:\users\scorpion\documents\visual studio 2013\projects\process-defender\consoleapplication1\debug\consolea.f8d67fec.tlog\link.write.1.tlog
